   1              		.syntax unified
   2              		.cpu cortex-m3
   3              		.fpu softvfp
   4              		.eabi_attribute 20, 1
   5              		.eabi_attribute 21, 1
   6              		.eabi_attribute 23, 3
   7              		.eabi_attribute 24, 1
   8              		.eabi_attribute 25, 1
   9              		.eabi_attribute 26, 1
  10              		.eabi_attribute 30, 6
  11              		.eabi_attribute 34, 1
  12              		.eabi_attribute 18, 4
  13              		.thumb
  14              		.file	"scheduler.c"
  15              		.text
  16              	.Ltext0:
  17              		.cfi_sections	.debug_frame
  18              		.section	.rodata
  19              		.align	2
  22              	rreg_uriquery:
  23 0000 683D7563 		.ascii	"h=ucb\000"
  23      6200
  24 0006 0000     		.align	2
  27              	infoBoardname:
  28 0008 43433235 		.ascii	"CC2538\000"
  28      333800
  29 000f 00       		.align	2
  32              	infouCName:
  33 0010 43433235 		.ascii	"CC2538\000"
  33      333800
  34 0017 00       		.align	2
  37              	infoRadioName:
  38 0018 43433235 		.ascii	"CC2538 SoC\000"
  38      33382053 
  38      6F4300
  39 0023 00       		.align	2
  42              	infoStackName:
  43 0024 4F70656E 		.ascii	"OpenWSN \000"
  43      57534E20 
  43      00
  44              		.comm	scheduler_vars,128,4
  45              		.comm	scheduler_dbg,2,4
  46              		.text
  47              		.align	2
  48              		.global	scheduler_init
  49              		.thumb
  50              		.thumb_func
  52              	scheduler_init:
  53              	.LFB0:
  54              		.file 1 "build/OpenMote-CC2538_armgcc/kernel/openos/scheduler.c"
   1:build/OpenMote-CC2538_armgcc/kernel/openos/scheduler.c **** /**
   2:build/OpenMote-CC2538_armgcc/kernel/openos/scheduler.c **** \brief OpenOS scheduler.
   3:build/OpenMote-CC2538_armgcc/kernel/openos/scheduler.c **** 
   4:build/OpenMote-CC2538_armgcc/kernel/openos/scheduler.c **** \author Thomas Watteyne <watteyne@eecs.berkeley.edu>, February 2012.
   5:build/OpenMote-CC2538_armgcc/kernel/openos/scheduler.c **** */
   6:build/OpenMote-CC2538_armgcc/kernel/openos/scheduler.c **** 
   7:build/OpenMote-CC2538_armgcc/kernel/openos/scheduler.c **** #include "opendefs.h"
   8:build/OpenMote-CC2538_armgcc/kernel/openos/scheduler.c **** #include "scheduler.h"
   9:build/OpenMote-CC2538_armgcc/kernel/openos/scheduler.c **** #include "board.h"
  10:build/OpenMote-CC2538_armgcc/kernel/openos/scheduler.c **** #include "debugpins.h"
  11:build/OpenMote-CC2538_armgcc/kernel/openos/scheduler.c **** #include "leds.h"
  12:build/OpenMote-CC2538_armgcc/kernel/openos/scheduler.c **** 
  13:build/OpenMote-CC2538_armgcc/kernel/openos/scheduler.c **** //=========================== variables =======================================
  14:build/OpenMote-CC2538_armgcc/kernel/openos/scheduler.c **** 
  15:build/OpenMote-CC2538_armgcc/kernel/openos/scheduler.c **** scheduler_vars_t scheduler_vars;
  16:build/OpenMote-CC2538_armgcc/kernel/openos/scheduler.c **** scheduler_dbg_t  scheduler_dbg;
  17:build/OpenMote-CC2538_armgcc/kernel/openos/scheduler.c **** 
  18:build/OpenMote-CC2538_armgcc/kernel/openos/scheduler.c **** //=========================== prototypes ======================================
  19:build/OpenMote-CC2538_armgcc/kernel/openos/scheduler.c **** 
  20:build/OpenMote-CC2538_armgcc/kernel/openos/scheduler.c **** void consumeTask(uint8_t taskId);
  21:build/OpenMote-CC2538_armgcc/kernel/openos/scheduler.c **** 
  22:build/OpenMote-CC2538_armgcc/kernel/openos/scheduler.c **** //=========================== public ==========================================
  23:build/OpenMote-CC2538_armgcc/kernel/openos/scheduler.c **** 
  24:build/OpenMote-CC2538_armgcc/kernel/openos/scheduler.c **** void scheduler_init() {   
  55              		.loc 1 24 0
  56              		.cfi_startproc
  57              		@ args = 0, pretend = 0, frame = 0
  58              		@ frame_needed = 1, uses_anonymous_args = 0
  59 0000 80B5     		push	{r7, lr}
  60              		.cfi_def_cfa_offset 8
  61              		.cfi_offset 7, -8
  62              		.cfi_offset 14, -4
  63 0002 00AF     		add	r7, sp, #0
  64              		.cfi_def_cfa_register 7
  25:build/OpenMote-CC2538_armgcc/kernel/openos/scheduler.c ****    
  26:build/OpenMote-CC2538_armgcc/kernel/openos/scheduler.c ****    // initialization module variables
  27:build/OpenMote-CC2538_armgcc/kernel/openos/scheduler.c ****    memset(&scheduler_vars,0,sizeof(scheduler_vars_t));
  65              		.loc 1 27 0
  66 0004 0548     		ldr	r0, .L2
  67 0006 0021     		movs	r1, #0
  68 0008 8022     		movs	r2, #128
  69 000a FFF7FEFF 		bl	memset
  28:build/OpenMote-CC2538_armgcc/kernel/openos/scheduler.c ****    memset(&scheduler_dbg,0,sizeof(scheduler_dbg_t));
  70              		.loc 1 28 0
  71 000e 0448     		ldr	r0, .L2+4
  72 0010 0021     		movs	r1, #0
  73 0012 0222     		movs	r2, #2
  74 0014 FFF7FEFF 		bl	memset
  29:build/OpenMote-CC2538_armgcc/kernel/openos/scheduler.c ****    
  30:build/OpenMote-CC2538_armgcc/kernel/openos/scheduler.c ****    // enable the scheduler's interrupt so SW can wake up the scheduler
  31:build/OpenMote-CC2538_armgcc/kernel/openos/scheduler.c ****    SCHEDULER_ENABLE_INTERRUPT();
  32:build/OpenMote-CC2538_armgcc/kernel/openos/scheduler.c **** }
  75              		.loc 1 32 0
  76 0018 80BD     		pop	{r7, pc}
  77              	.L3:
  78 001a 00BF     		.align	2
  79              	.L2:
  80 001c 00000000 		.word	scheduler_vars
  81 0020 00000000 		.word	scheduler_dbg
  82              		.cfi_endproc
  83              	.LFE0:
  85              		.align	2
  86              		.global	scheduler_start
  87              		.thumb
  88              		.thumb_func
  90              	scheduler_start:
  91              	.LFB1:
  33:build/OpenMote-CC2538_armgcc/kernel/openos/scheduler.c **** 
  34:build/OpenMote-CC2538_armgcc/kernel/openos/scheduler.c **** void scheduler_start() {
  92              		.loc 1 34 0
  93              		.cfi_startproc
  94              		@ args = 0, pretend = 0, frame = 8
  95              		@ frame_needed = 1, uses_anonymous_args = 0
  96 0024 80B5     		push	{r7, lr}
  97              		.cfi_def_cfa_offset 8
  98              		.cfi_offset 7, -8
  99              		.cfi_offset 14, -4
 100 0026 82B0     		sub	sp, sp, #8
 101              		.cfi_def_cfa_offset 16
 102 0028 00AF     		add	r7, sp, #0
 103              		.cfi_def_cfa_register 7
 104              	.L7:
  35:build/OpenMote-CC2538_armgcc/kernel/openos/scheduler.c ****    taskList_item_t* pThisTask;
  36:build/OpenMote-CC2538_armgcc/kernel/openos/scheduler.c ****    while (1) {
  37:build/OpenMote-CC2538_armgcc/kernel/openos/scheduler.c ****       while(scheduler_vars.task_list!=NULL) {
 105              		.loc 1 37 0
 106 002a 18E0     		b	.L5
 107              	.L6:
  38:build/OpenMote-CC2538_armgcc/kernel/openos/scheduler.c ****          // there is still at least one task in the linked-list of tasks
  39:build/OpenMote-CC2538_armgcc/kernel/openos/scheduler.c ****          
  40:build/OpenMote-CC2538_armgcc/kernel/openos/scheduler.c ****          // the task to execute is the one at the head of the queue
  41:build/OpenMote-CC2538_armgcc/kernel/openos/scheduler.c ****          pThisTask                = scheduler_vars.task_list;
 108              		.loc 1 41 0
 109 002c 114B     		ldr	r3, .L8
 110 002e 9B6F     		ldr	r3, [r3, #120]
 111 0030 7B60     		str	r3, [r7, #4]
  42:build/OpenMote-CC2538_armgcc/kernel/openos/scheduler.c ****          
  43:build/OpenMote-CC2538_armgcc/kernel/openos/scheduler.c ****          // shift the queue by one task
  44:build/OpenMote-CC2538_armgcc/kernel/openos/scheduler.c ****          scheduler_vars.task_list = pThisTask->next;
 112              		.loc 1 44 0
 113 0032 7B68     		ldr	r3, [r7, #4]
 114 0034 9B68     		ldr	r3, [r3, #8]
 115 0036 0F4A     		ldr	r2, .L8
 116 0038 9367     		str	r3, [r2, #120]
  45:build/OpenMote-CC2538_armgcc/kernel/openos/scheduler.c ****          
  46:build/OpenMote-CC2538_armgcc/kernel/openos/scheduler.c ****          // execute the current task
  47:build/OpenMote-CC2538_armgcc/kernel/openos/scheduler.c ****          pThisTask->cb();
 117              		.loc 1 47 0
 118 003a 7B68     		ldr	r3, [r7, #4]
 119 003c 1B68     		ldr	r3, [r3]
 120 003e 9847     		blx	r3
  48:build/OpenMote-CC2538_armgcc/kernel/openos/scheduler.c ****          
  49:build/OpenMote-CC2538_armgcc/kernel/openos/scheduler.c ****          // free up this task container
  50:build/OpenMote-CC2538_armgcc/kernel/openos/scheduler.c ****          pThisTask->cb            = NULL;
 121              		.loc 1 50 0
 122 0040 7B68     		ldr	r3, [r7, #4]
 123 0042 0022     		movs	r2, #0
 124 0044 1A60     		str	r2, [r3]
  51:build/OpenMote-CC2538_armgcc/kernel/openos/scheduler.c ****          pThisTask->prio          = TASKPRIO_NONE;
 125              		.loc 1 51 0
 126 0046 7B68     		ldr	r3, [r7, #4]
 127 0048 0022     		movs	r2, #0
 128 004a 1A71     		strb	r2, [r3, #4]
  52:build/OpenMote-CC2538_armgcc/kernel/openos/scheduler.c ****          pThisTask->next          = NULL;
 129              		.loc 1 52 0
 130 004c 7B68     		ldr	r3, [r7, #4]
 131 004e 0022     		movs	r2, #0
 132 0050 9A60     		str	r2, [r3, #8]
  53:build/OpenMote-CC2538_armgcc/kernel/openos/scheduler.c ****          scheduler_dbg.numTasksCur--;
 133              		.loc 1 53 0
 134 0052 094B     		ldr	r3, .L8+4
 135 0054 1B78     		ldrb	r3, [r3]	@ zero_extendqisi2
 136 0056 013B     		subs	r3, r3, #1
 137 0058 DAB2     		uxtb	r2, r3
 138 005a 074B     		ldr	r3, .L8+4
 139 005c 1A70     		strb	r2, [r3]
 140              	.L5:
  37:build/OpenMote-CC2538_armgcc/kernel/openos/scheduler.c ****          // there is still at least one task in the linked-list of tasks
 141              		.loc 1 37 0
 142 005e 054B     		ldr	r3, .L8
 143 0060 9B6F     		ldr	r3, [r3, #120]
 144 0062 002B     		cmp	r3, #0
 145 0064 E2D1     		bne	.L6
  54:build/OpenMote-CC2538_armgcc/kernel/openos/scheduler.c ****       }
  55:build/OpenMote-CC2538_armgcc/kernel/openos/scheduler.c ****       debugpins_task_clr();
 146              		.loc 1 55 0
 147 0066 FFF7FEFF 		bl	debugpins_task_clr
  56:build/OpenMote-CC2538_armgcc/kernel/openos/scheduler.c ****       board_sleep();
 148              		.loc 1 56 0
 149 006a FFF7FEFF 		bl	board_sleep
  57:build/OpenMote-CC2538_armgcc/kernel/openos/scheduler.c ****       debugpins_task_set();                      // IAR should halt here if nothing to do
 150              		.loc 1 57 0
 151 006e FFF7FEFF 		bl	debugpins_task_set
  58:build/OpenMote-CC2538_armgcc/kernel/openos/scheduler.c ****    }
 152              		.loc 1 58 0
 153 0072 DAE7     		b	.L7
 154              	.L9:
 155              		.align	2
 156              	.L8:
 157 0074 00000000 		.word	scheduler_vars
 158 0078 00000000 		.word	scheduler_dbg
 159              		.cfi_endproc
 160              	.LFE1:
 162              		.align	2
 163              		.global	scheduler_push_task
 164              		.thumb
 165              		.thumb_func
 167              	scheduler_push_task:
 168              	.LFB2:
  59:build/OpenMote-CC2538_armgcc/kernel/openos/scheduler.c **** }
  60:build/OpenMote-CC2538_armgcc/kernel/openos/scheduler.c **** 
  61:build/OpenMote-CC2538_armgcc/kernel/openos/scheduler.c ****  void scheduler_push_task(task_cbt cb, task_prio_t prio) {
 169              		.loc 1 61 0
 170              		.cfi_startproc
 171              		@ args = 0, pretend = 0, frame = 16
 172              		@ frame_needed = 1, uses_anonymous_args = 0
 173 007c 80B5     		push	{r7, lr}
 174              		.cfi_def_cfa_offset 8
 175              		.cfi_offset 7, -8
 176              		.cfi_offset 14, -4
 177 007e 84B0     		sub	sp, sp, #16
 178              		.cfi_def_cfa_offset 24
 179 0080 00AF     		add	r7, sp, #0
 180              		.cfi_def_cfa_register 7
 181 0082 7860     		str	r0, [r7, #4]
 182 0084 0B46     		mov	r3, r1
 183 0086 FB70     		strb	r3, [r7, #3]
  62:build/OpenMote-CC2538_armgcc/kernel/openos/scheduler.c ****    taskList_item_t*  taskContainer;
  63:build/OpenMote-CC2538_armgcc/kernel/openos/scheduler.c ****    taskList_item_t** taskListWalker;
  64:build/OpenMote-CC2538_armgcc/kernel/openos/scheduler.c ****    INTERRUPT_DECLARATION();
  65:build/OpenMote-CC2538_armgcc/kernel/openos/scheduler.c ****    
  66:build/OpenMote-CC2538_armgcc/kernel/openos/scheduler.c ****    DISABLE_INTERRUPTS();
 184              		.loc 1 66 0
 185 0088 FFF7FEFF 		bl	IntMasterDisable
  67:build/OpenMote-CC2538_armgcc/kernel/openos/scheduler.c ****    
  68:build/OpenMote-CC2538_armgcc/kernel/openos/scheduler.c ****    // find an empty task container
  69:build/OpenMote-CC2538_armgcc/kernel/openos/scheduler.c ****    taskContainer = &scheduler_vars.taskBuf[0];
 186              		.loc 1 69 0
 187 008c 244B     		ldr	r3, .L19
 188 008e FB60     		str	r3, [r7, #12]
  70:build/OpenMote-CC2538_armgcc/kernel/openos/scheduler.c ****    while (taskContainer->cb!=NULL &&
 189              		.loc 1 70 0
 190 0090 02E0     		b	.L11
 191              	.L13:
  71:build/OpenMote-CC2538_armgcc/kernel/openos/scheduler.c ****           taskContainer<=&scheduler_vars.taskBuf[TASK_LIST_DEPTH-1]) {
  72:build/OpenMote-CC2538_armgcc/kernel/openos/scheduler.c ****       taskContainer++;
 192              		.loc 1 72 0
 193 0092 FB68     		ldr	r3, [r7, #12]
 194 0094 0C33     		adds	r3, r3, #12
 195 0096 FB60     		str	r3, [r7, #12]
 196              	.L11:
  70:build/OpenMote-CC2538_armgcc/kernel/openos/scheduler.c ****    while (taskContainer->cb!=NULL &&
 197              		.loc 1 70 0
 198 0098 FB68     		ldr	r3, [r7, #12]
 199 009a 1B68     		ldr	r3, [r3]
 200 009c 002B     		cmp	r3, #0
 201 009e 03D0     		beq	.L12
  70:build/OpenMote-CC2538_armgcc/kernel/openos/scheduler.c ****    while (taskContainer->cb!=NULL &&
 202              		.loc 1 70 0 is_stmt 0 discriminator 1
 203 00a0 FB68     		ldr	r3, [r7, #12]
 204 00a2 204A     		ldr	r2, .L19+4
 205 00a4 9342     		cmp	r3, r2
 206 00a6 F4D9     		bls	.L13
 207              	.L12:
  73:build/OpenMote-CC2538_armgcc/kernel/openos/scheduler.c ****    }
  74:build/OpenMote-CC2538_armgcc/kernel/openos/scheduler.c ****    if (taskContainer>&scheduler_vars.taskBuf[TASK_LIST_DEPTH-1]) {
 208              		.loc 1 74 0 is_stmt 1
 209 00a8 FB68     		ldr	r3, [r7, #12]
 210 00aa 1E4A     		ldr	r2, .L19+4
 211 00ac 9342     		cmp	r3, r2
 212 00ae 03D9     		bls	.L14
  75:build/OpenMote-CC2538_armgcc/kernel/openos/scheduler.c ****       // task list has overflown. This should never happpen!
  76:build/OpenMote-CC2538_armgcc/kernel/openos/scheduler.c ****    
  77:build/OpenMote-CC2538_armgcc/kernel/openos/scheduler.c ****       // we can not print from within the kernel. Instead:
  78:build/OpenMote-CC2538_armgcc/kernel/openos/scheduler.c ****       // blink the error LED
  79:build/OpenMote-CC2538_armgcc/kernel/openos/scheduler.c ****       leds_error_blink();
 213              		.loc 1 79 0
 214 00b0 FFF7FEFF 		bl	leds_error_blink
  80:build/OpenMote-CC2538_armgcc/kernel/openos/scheduler.c ****       // reset the board
  81:build/OpenMote-CC2538_armgcc/kernel/openos/scheduler.c ****       board_reset();
 215              		.loc 1 81 0
 216 00b4 FFF7FEFF 		bl	board_reset
 217              	.L14:
  82:build/OpenMote-CC2538_armgcc/kernel/openos/scheduler.c ****    }
  83:build/OpenMote-CC2538_armgcc/kernel/openos/scheduler.c ****    // fill that task container with this task
  84:build/OpenMote-CC2538_armgcc/kernel/openos/scheduler.c ****    taskContainer->cb              = cb;
 218              		.loc 1 84 0
 219 00b8 FB68     		ldr	r3, [r7, #12]
 220 00ba 7A68     		ldr	r2, [r7, #4]
 221 00bc 1A60     		str	r2, [r3]
  85:build/OpenMote-CC2538_armgcc/kernel/openos/scheduler.c ****    taskContainer->prio            = prio;
 222              		.loc 1 85 0
 223 00be FB68     		ldr	r3, [r7, #12]
 224 00c0 FA78     		ldrb	r2, [r7, #3]
 225 00c2 1A71     		strb	r2, [r3, #4]
  86:build/OpenMote-CC2538_armgcc/kernel/openos/scheduler.c ****    
  87:build/OpenMote-CC2538_armgcc/kernel/openos/scheduler.c ****    // find position in queue
  88:build/OpenMote-CC2538_armgcc/kernel/openos/scheduler.c ****    taskListWalker                 = &scheduler_vars.task_list;
 226              		.loc 1 88 0
 227 00c4 184B     		ldr	r3, .L19+8
 228 00c6 BB60     		str	r3, [r7, #8]
  89:build/OpenMote-CC2538_armgcc/kernel/openos/scheduler.c ****    while (*taskListWalker!=NULL &&
 229              		.loc 1 89 0
 230 00c8 03E0     		b	.L15
 231              	.L17:
  90:build/OpenMote-CC2538_armgcc/kernel/openos/scheduler.c ****           (*taskListWalker)->prio < taskContainer->prio) {
  91:build/OpenMote-CC2538_armgcc/kernel/openos/scheduler.c ****       taskListWalker              = (taskList_item_t**)&((*taskListWalker)->next);
 232              		.loc 1 91 0
 233 00ca BB68     		ldr	r3, [r7, #8]
 234 00cc 1B68     		ldr	r3, [r3]
 235 00ce 0833     		adds	r3, r3, #8
 236 00d0 BB60     		str	r3, [r7, #8]
 237              	.L15:
  89:build/OpenMote-CC2538_armgcc/kernel/openos/scheduler.c ****    while (*taskListWalker!=NULL &&
 238              		.loc 1 89 0
 239 00d2 BB68     		ldr	r3, [r7, #8]
 240 00d4 1B68     		ldr	r3, [r3]
 241 00d6 002B     		cmp	r3, #0
 242 00d8 06D0     		beq	.L16
  90:build/OpenMote-CC2538_armgcc/kernel/openos/scheduler.c ****           (*taskListWalker)->prio < taskContainer->prio) {
 243              		.loc 1 90 0 discriminator 1
 244 00da BB68     		ldr	r3, [r7, #8]
 245 00dc 1B68     		ldr	r3, [r3]
 246 00de 1A79     		ldrb	r2, [r3, #4]	@ zero_extendqisi2
 247 00e0 FB68     		ldr	r3, [r7, #12]
 248 00e2 1B79     		ldrb	r3, [r3, #4]	@ zero_extendqisi2
  89:build/OpenMote-CC2538_armgcc/kernel/openos/scheduler.c ****    while (*taskListWalker!=NULL &&
 249              		.loc 1 89 0 discriminator 1
 250 00e4 9A42     		cmp	r2, r3
 251 00e6 F0D3     		bcc	.L17
 252              	.L16:
  92:build/OpenMote-CC2538_armgcc/kernel/openos/scheduler.c ****    }
  93:build/OpenMote-CC2538_armgcc/kernel/openos/scheduler.c ****    // insert at that position
  94:build/OpenMote-CC2538_armgcc/kernel/openos/scheduler.c ****    taskContainer->next            = *taskListWalker;
 253              		.loc 1 94 0
 254 00e8 BB68     		ldr	r3, [r7, #8]
 255 00ea 1A68     		ldr	r2, [r3]
 256 00ec FB68     		ldr	r3, [r7, #12]
 257 00ee 9A60     		str	r2, [r3, #8]
  95:build/OpenMote-CC2538_armgcc/kernel/openos/scheduler.c ****    *taskListWalker                = taskContainer;
 258              		.loc 1 95 0
 259 00f0 BB68     		ldr	r3, [r7, #8]
 260 00f2 FA68     		ldr	r2, [r7, #12]
 261 00f4 1A60     		str	r2, [r3]
  96:build/OpenMote-CC2538_armgcc/kernel/openos/scheduler.c ****    // maintain debug stats
  97:build/OpenMote-CC2538_armgcc/kernel/openos/scheduler.c ****    scheduler_dbg.numTasksCur++;
 262              		.loc 1 97 0
 263 00f6 0D4B     		ldr	r3, .L19+12
 264 00f8 1B78     		ldrb	r3, [r3]	@ zero_extendqisi2
 265 00fa 0133     		adds	r3, r3, #1
 266 00fc DAB2     		uxtb	r2, r3
 267 00fe 0B4B     		ldr	r3, .L19+12
 268 0100 1A70     		strb	r2, [r3]
  98:build/OpenMote-CC2538_armgcc/kernel/openos/scheduler.c ****    if (scheduler_dbg.numTasksCur>scheduler_dbg.numTasksMax) {
 269              		.loc 1 98 0
 270 0102 0A4B     		ldr	r3, .L19+12
 271 0104 1A78     		ldrb	r2, [r3]	@ zero_extendqisi2
 272 0106 094B     		ldr	r3, .L19+12
 273 0108 5B78     		ldrb	r3, [r3, #1]	@ zero_extendqisi2
 274 010a 9A42     		cmp	r2, r3
 275 010c 03D9     		bls	.L18
  99:build/OpenMote-CC2538_armgcc/kernel/openos/scheduler.c ****       scheduler_dbg.numTasksMax   = scheduler_dbg.numTasksCur;
 276              		.loc 1 99 0
 277 010e 074B     		ldr	r3, .L19+12
 278 0110 1A78     		ldrb	r2, [r3]	@ zero_extendqisi2
 279 0112 064B     		ldr	r3, .L19+12
 280 0114 5A70     		strb	r2, [r3, #1]
 281              	.L18:
 100:build/OpenMote-CC2538_armgcc/kernel/openos/scheduler.c ****    }
 101:build/OpenMote-CC2538_armgcc/kernel/openos/scheduler.c ****    
 102:build/OpenMote-CC2538_armgcc/kernel/openos/scheduler.c ****    ENABLE_INTERRUPTS();
 282              		.loc 1 102 0
 283 0116 FFF7FEFF 		bl	IntMasterEnable
 103:build/OpenMote-CC2538_armgcc/kernel/openos/scheduler.c **** }
 284              		.loc 1 103 0
 285 011a 1037     		adds	r7, r7, #16
 286              		.cfi_def_cfa_offset 8
 287 011c BD46     		mov	sp, r7
 288              		.cfi_def_cfa_register 13
 289              		@ sp needed
 290 011e 80BD     		pop	{r7, pc}
 291              	.L20:
 292              		.align	2
 293              	.L19:
 294 0120 00000000 		.word	scheduler_vars
 295 0124 6C000000 		.word	scheduler_vars+108
 296 0128 78000000 		.word	scheduler_vars+120
 297 012c 00000000 		.word	scheduler_dbg
 298              		.cfi_endproc
 299              	.LFE2:
 301              	.Letext0:
 302              		.file 2 "/usr/arm-none-eabi/include/machine/_default_types.h"
 303              		.file 3 "/usr/arm-none-eabi/include/sys/_stdint.h"
 304              		.file 4 "kernel/scheduler.h"
 305              		.file 5 "bsp/boards/OpenMote-CC2538/board_info.h"
 306              		.file 6 "inc/opendefs.h"
DEFINED SYMBOLS
                            *ABS*:0000000000000000 scheduler.c
     /tmp/ccRhYpjZ.s:19     .rodata:0000000000000000 $d
     /tmp/ccRhYpjZ.s:22     .rodata:0000000000000000 rreg_uriquery
     /tmp/ccRhYpjZ.s:27     .rodata:0000000000000008 infoBoardname
     /tmp/ccRhYpjZ.s:32     .rodata:0000000000000010 infouCName
     /tmp/ccRhYpjZ.s:37     .rodata:0000000000000018 infoRadioName
     /tmp/ccRhYpjZ.s:42     .rodata:0000000000000024 infoStackName
                            *COM*:0000000000000080 scheduler_vars
                            *COM*:0000000000000002 scheduler_dbg
     /tmp/ccRhYpjZ.s:47     .text:0000000000000000 $t
     /tmp/ccRhYpjZ.s:52     .text:0000000000000000 scheduler_init
     /tmp/ccRhYpjZ.s:80     .text:000000000000001c $d
     /tmp/ccRhYpjZ.s:85     .text:0000000000000024 $t
     /tmp/ccRhYpjZ.s:90     .text:0000000000000024 scheduler_start
     /tmp/ccRhYpjZ.s:157    .text:0000000000000074 $d
     /tmp/ccRhYpjZ.s:162    .text:000000000000007c $t
     /tmp/ccRhYpjZ.s:167    .text:000000000000007c scheduler_push_task
     /tmp/ccRhYpjZ.s:294    .text:0000000000000120 $d
                     .debug_frame:0000000000000010 $d
                           .group:0000000000000000 wm4.0.59116071098782a37a9183a8102fe91b
                           .group:0000000000000000 wm4.features.h.22.2e382148a0560adabf236cddd4e880f4
                           .group:0000000000000000 wm4._default_types.h.15.933e8edd27a65e0b69af4a865eb623d2
                           .group:0000000000000000 wm4._intsup.h.10.35a45952db64d30146faa63a55c20c1c
                           .group:0000000000000000 wm4._stdint.h.10.f76354baea1c7088202064e6f3d4f5e3
                           .group:0000000000000000 wm4.stdint.h.23.373a9d32a9e4c2e88fd347156532d281
                           .group:0000000000000000 wm4.toolchain_defs.h.2.e4ebbe6e0a48032a9b79077dc42e1ffd
                           .group:0000000000000000 wm4.newlib.h.8.2702bca278809460f0af6fba1d84eb68
                           .group:0000000000000000 wm4.config.h.220.a09b0b0de3c25be3f39d71990e617bff
                           .group:0000000000000000 wm4._ansi.h.23.84af8eb8cd468d25cc5f45f5eb13ec51
                           .group:0000000000000000 wm4.stddef.h.39.daafd3d79fe2f3a84d2d73d7d4e706f8
                           .group:0000000000000000 wm4.lock.h.2.9bc98482741e5e2a9450b12934a684ea
                           .group:0000000000000000 wm4._types.h.54.d3d34a3b7f3cc230cd159baf022b4b08
                           .group:0000000000000000 wm4.stddef.h.158.61317cdbfb4026324507d123a50b0fd6
                           .group:0000000000000000 wm4.reent.h.17.8bd9e4098e0428508c282cad794fae43
                           .group:0000000000000000 wm4.cdefs.h.47.e6563c1c3863188ba4ac4eaa2c85b6f1
                           .group:0000000000000000 wm4.string.h.15.dab3980bf35408a4c507182805e2de3a
                           .group:0000000000000000 wm4.stddef.h.158.a7efb00f6cbc6f43213b50e183c9830c
                           .group:0000000000000000 wm4.stdbool.h.29.1c9ee6859ce8145f7838a4f2549ccec2
                           .group:0000000000000000 wm4.hw_types.h.67.b10589a0806dcc2d274d6fab6b736519
                           .group:0000000000000000 wm4.interrupt.h.41.272fc4ec0e276feb439e7974d0f77eaf
                           .group:0000000000000000 wm4.board_info.h.22.aeb00002354a4949fff54190040e37af
                           .group:0000000000000000 wm4.opendefs.h.23.bdaf9c024be66ead04de21e3ce3dfaf2
                           .group:0000000000000000 wm4.scheduler.h.2.d8d85f436d0d4b3991926a15b8490cf4

UNDEFINED SYMBOLS
memset
debugpins_task_clr
board_sleep
debugpins_task_set
IntMasterDisable
leds_error_blink
board_reset
IntMasterEnable
