   1              		.syntax unified
   2              		.cpu cortex-m3
   3              		.fpu softvfp
   4              		.eabi_attribute 20, 1
   5              		.eabi_attribute 21, 1
   6              		.eabi_attribute 23, 3
   7              		.eabi_attribute 24, 1
   8              		.eabi_attribute 25, 1
   9              		.eabi_attribute 26, 1
  10              		.eabi_attribute 30, 6
  11              		.eabi_attribute 34, 1
  12              		.eabi_attribute 18, 4
  13              		.thumb
  14              		.file	"max44009.c"
  15              		.text
  16              	.Ltext0:
  17              		.cfi_sections	.debug_frame
  18              		.section	.rodata
  19              		.align	2
  20              	.LC0:
  21 0000 01       		.byte	1
  22 0001 02       		.byte	2
  23 0002 05       		.byte	5
  24 0003 06       		.byte	6
  25 0004 07       		.byte	7
  26 0005 000000   		.align	2
  27              	.LC1:
  28 0008 00       		.byte	0
  29 0009 43       		.byte	67
  30 000a FF       		.byte	-1
  31 000b 00       		.byte	0
  32 000c FF       		.byte	-1
  33              		.text
  34              		.align	2
  35              		.global	max44009_init
  36              		.thumb
  37              		.thumb_func
  39              	max44009_init:
  40              	.LFB0:
  41              		.file 1 "build/OpenMote-CC2538_armgcc/bsp/boards/OpenMote-CC2538/max44009/max44009.c"
   1:build/OpenMote-CC2538_armgcc/bsp/boards/OpenMote-CC2538/max44009/max44009.c **** /**
   2:build/OpenMote-CC2538_armgcc/bsp/boards/OpenMote-CC2538/max44009/max44009.c ****  * \file
   3:build/OpenMote-CC2538_armgcc/bsp/boards/OpenMote-CC2538/max44009/max44009.c ****  *         Device drivers for MAX44009 light sensor in OpenMote-CC2538.
   4:build/OpenMote-CC2538_armgcc/bsp/boards/OpenMote-CC2538/max44009/max44009.c ****  * \author
   5:build/OpenMote-CC2538_armgcc/bsp/boards/OpenMote-CC2538/max44009/max44009.c ****  *         Pere Tuset, OpenMote <peretuset@openmote.com>
   6:build/OpenMote-CC2538_armgcc/bsp/boards/OpenMote-CC2538/max44009/max44009.c ****  */
   7:build/OpenMote-CC2538_armgcc/bsp/boards/OpenMote-CC2538/max44009/max44009.c **** 
   8:build/OpenMote-CC2538_armgcc/bsp/boards/OpenMote-CC2538/max44009/max44009.c **** #include "i2c.h"
   9:build/OpenMote-CC2538_armgcc/bsp/boards/OpenMote-CC2538/max44009/max44009.c **** #include "max44009.h"
  10:build/OpenMote-CC2538_armgcc/bsp/boards/OpenMote-CC2538/max44009/max44009.c **** 
  11:build/OpenMote-CC2538_armgcc/bsp/boards/OpenMote-CC2538/max44009/max44009.c **** //=========================== define ==========================================
  12:build/OpenMote-CC2538_armgcc/bsp/boards/OpenMote-CC2538/max44009/max44009.c **** 
  13:build/OpenMote-CC2538_armgcc/bsp/boards/OpenMote-CC2538/max44009/max44009.c **** /* ADDRESS AND NOT_FOUND VALUE */
  14:build/OpenMote-CC2538_armgcc/bsp/boards/OpenMote-CC2538/max44009/max44009.c **** #define MAX44009_ADDRESS                    ( 0x4A )
  15:build/OpenMote-CC2538_armgcc/bsp/boards/OpenMote-CC2538/max44009/max44009.c **** #define MAX44009_NOT_FOUND                  ( 0x00 )
  16:build/OpenMote-CC2538_armgcc/bsp/boards/OpenMote-CC2538/max44009/max44009.c **** 
  17:build/OpenMote-CC2538_armgcc/bsp/boards/OpenMote-CC2538/max44009/max44009.c **** /* REGISTER ADDRESSES */
  18:build/OpenMote-CC2538_armgcc/bsp/boards/OpenMote-CC2538/max44009/max44009.c **** #define MAX44009_INT_STATUS_ADDR            ( 0x00 )    // R
  19:build/OpenMote-CC2538_armgcc/bsp/boards/OpenMote-CC2538/max44009/max44009.c **** #define MAX44009_INT_ENABLE_ADDR            ( 0x01 )    // R/W
  20:build/OpenMote-CC2538_armgcc/bsp/boards/OpenMote-CC2538/max44009/max44009.c **** #define MAX44009_CONFIG_ADDR                ( 0x02 )    // R/W
  21:build/OpenMote-CC2538_armgcc/bsp/boards/OpenMote-CC2538/max44009/max44009.c **** #define MAX44009_LUX_HIGH_ADDR              ( 0x03 )    // R
  22:build/OpenMote-CC2538_armgcc/bsp/boards/OpenMote-CC2538/max44009/max44009.c **** #define MAX44009_LUX_LOW_ADDR               ( 0x04 )    // R
  23:build/OpenMote-CC2538_armgcc/bsp/boards/OpenMote-CC2538/max44009/max44009.c **** #define MAX44009_THR_HIGH_ADDR              ( 0x05 )    // R/W
  24:build/OpenMote-CC2538_armgcc/bsp/boards/OpenMote-CC2538/max44009/max44009.c **** #define MAX44009_THR_LOW_ADDR               ( 0x06 )    // R/W
  25:build/OpenMote-CC2538_armgcc/bsp/boards/OpenMote-CC2538/max44009/max44009.c **** #define MAX44009_THR_TIMER_ADDR             ( 0x07 )    // R/W
  26:build/OpenMote-CC2538_armgcc/bsp/boards/OpenMote-CC2538/max44009/max44009.c **** 
  27:build/OpenMote-CC2538_armgcc/bsp/boards/OpenMote-CC2538/max44009/max44009.c **** /* INTERRUPT VALUES */
  28:build/OpenMote-CC2538_armgcc/bsp/boards/OpenMote-CC2538/max44009/max44009.c **** #define MAX44009_INT_STATUS_OFF             ( 0x00 )
  29:build/OpenMote-CC2538_armgcc/bsp/boards/OpenMote-CC2538/max44009/max44009.c **** #define MAX44009_INT_STATUS_ON              ( 0x01 )
  30:build/OpenMote-CC2538_armgcc/bsp/boards/OpenMote-CC2538/max44009/max44009.c **** #define MAX44009_INT_DISABLED               ( 0x00 )
  31:build/OpenMote-CC2538_armgcc/bsp/boards/OpenMote-CC2538/max44009/max44009.c **** #define MAX44009_INT_ENABLED                ( 0x01 )
  32:build/OpenMote-CC2538_armgcc/bsp/boards/OpenMote-CC2538/max44009/max44009.c **** 
  33:build/OpenMote-CC2538_armgcc/bsp/boards/OpenMote-CC2538/max44009/max44009.c **** /* CONFIGURATION VALUES */
  34:build/OpenMote-CC2538_armgcc/bsp/boards/OpenMote-CC2538/max44009/max44009.c **** #define MAX44009_CONFIG_DEFAULT             ( 0 << 7 )
  35:build/OpenMote-CC2538_armgcc/bsp/boards/OpenMote-CC2538/max44009/max44009.c **** #define MAX44009_CONFIG_CONTINUOUS          ( 1 << 7 )
  36:build/OpenMote-CC2538_armgcc/bsp/boards/OpenMote-CC2538/max44009/max44009.c **** #define MAX44009_CONFIG_AUTO                ( 0 << 6 )
  37:build/OpenMote-CC2538_armgcc/bsp/boards/OpenMote-CC2538/max44009/max44009.c **** #define MAX44009_CONFIG_MANUAL              ( 1 << 6 )
  38:build/OpenMote-CC2538_armgcc/bsp/boards/OpenMote-CC2538/max44009/max44009.c **** #define MAX44009_CONFIG_CDR_NORMAL          ( 0 << 3 )
  39:build/OpenMote-CC2538_armgcc/bsp/boards/OpenMote-CC2538/max44009/max44009.c **** #define MAX44009_CONFIG_CDR_DIVIDED         ( 1 << 3 )
  40:build/OpenMote-CC2538_armgcc/bsp/boards/OpenMote-CC2538/max44009/max44009.c **** #define MAX44009_CONFIG_INTEGRATION_800ms   ( 0 << 0 )
  41:build/OpenMote-CC2538_armgcc/bsp/boards/OpenMote-CC2538/max44009/max44009.c **** #define MAX44009_CONFIG_INTEGRATION_400ms   ( 1 << 0 )
  42:build/OpenMote-CC2538_armgcc/bsp/boards/OpenMote-CC2538/max44009/max44009.c **** #define MAX44009_CONFIG_INTEGRATION_200ms   ( 2 << 0 )
  43:build/OpenMote-CC2538_armgcc/bsp/boards/OpenMote-CC2538/max44009/max44009.c **** #define MAX44009_CONFIG_INTEGRATION_100ms   ( 3 << 0 )
  44:build/OpenMote-CC2538_armgcc/bsp/boards/OpenMote-CC2538/max44009/max44009.c **** #define MAX44009_CONFIG_INTEGRATION_50ms    ( 4 << 0 )
  45:build/OpenMote-CC2538_armgcc/bsp/boards/OpenMote-CC2538/max44009/max44009.c **** #define MAX44009_CONFIG_INTEGRATION_25ms    ( 5 << 0 )
  46:build/OpenMote-CC2538_armgcc/bsp/boards/OpenMote-CC2538/max44009/max44009.c **** #define MAX44009_CONFIG_INTEGRATION_12ms    ( 6 << 0 )
  47:build/OpenMote-CC2538_armgcc/bsp/boards/OpenMote-CC2538/max44009/max44009.c **** #define MAX44009_CONFIG_INTEGRATION_6ms     ( 7 << 0 )
  48:build/OpenMote-CC2538_armgcc/bsp/boards/OpenMote-CC2538/max44009/max44009.c **** 
  49:build/OpenMote-CC2538_armgcc/bsp/boards/OpenMote-CC2538/max44009/max44009.c **** /* DEFAULT CONFIGURATION */
  50:build/OpenMote-CC2538_armgcc/bsp/boards/OpenMote-CC2538/max44009/max44009.c **** #define MAX44009_DEFAULT_CONFIGURATION      ( MAX44009_CONFIG_DEFAULT | \
  51:build/OpenMote-CC2538_armgcc/bsp/boards/OpenMote-CC2538/max44009/max44009.c ****                                               MAX44009_CONFIG_AUTO | \
  52:build/OpenMote-CC2538_armgcc/bsp/boards/OpenMote-CC2538/max44009/max44009.c ****                                               MAX44009_CONFIG_CDR_NORMAL | \
  53:build/OpenMote-CC2538_armgcc/bsp/boards/OpenMote-CC2538/max44009/max44009.c ****                                               MAX44009_CONFIG_INTEGRATION_100ms )
  54:build/OpenMote-CC2538_armgcc/bsp/boards/OpenMote-CC2538/max44009/max44009.c **** 
  55:build/OpenMote-CC2538_armgcc/bsp/boards/OpenMote-CC2538/max44009/max44009.c **** /* USER CONFIGURATION */
  56:build/OpenMote-CC2538_armgcc/bsp/boards/OpenMote-CC2538/max44009/max44009.c **** #define MAX44009_USER_CONFIGURATION         ( MAX44009_CONFIG_DEFAULT | \
  57:build/OpenMote-CC2538_armgcc/bsp/boards/OpenMote-CC2538/max44009/max44009.c ****                                               MAX44009_CONFIG_MANUAL | \
  58:build/OpenMote-CC2538_armgcc/bsp/boards/OpenMote-CC2538/max44009/max44009.c ****                                               MAX44009_CONFIG_CDR_NORMAL | \
  59:build/OpenMote-CC2538_armgcc/bsp/boards/OpenMote-CC2538/max44009/max44009.c ****                                               MAX44009_CONFIG_INTEGRATION_100ms )
  60:build/OpenMote-CC2538_armgcc/bsp/boards/OpenMote-CC2538/max44009/max44009.c **** 
  61:build/OpenMote-CC2538_armgcc/bsp/boards/OpenMote-CC2538/max44009/max44009.c **** //=========================== variables =======================================
  62:build/OpenMote-CC2538_armgcc/bsp/boards/OpenMote-CC2538/max44009/max44009.c **** 
  63:build/OpenMote-CC2538_armgcc/bsp/boards/OpenMote-CC2538/max44009/max44009.c **** 
  64:build/OpenMote-CC2538_armgcc/bsp/boards/OpenMote-CC2538/max44009/max44009.c **** //=========================== prototypes ======================================
  65:build/OpenMote-CC2538_armgcc/bsp/boards/OpenMote-CC2538/max44009/max44009.c **** 
  66:build/OpenMote-CC2538_armgcc/bsp/boards/OpenMote-CC2538/max44009/max44009.c **** 
  67:build/OpenMote-CC2538_armgcc/bsp/boards/OpenMote-CC2538/max44009/max44009.c **** //=========================== public ==========================================
  68:build/OpenMote-CC2538_armgcc/bsp/boards/OpenMote-CC2538/max44009/max44009.c **** 
  69:build/OpenMote-CC2538_armgcc/bsp/boards/OpenMote-CC2538/max44009/max44009.c **** void max44009_init(void) {
  42              		.loc 1 69 0
  43              		.cfi_startproc
  44              		@ args = 0, pretend = 0, frame = 24
  45              		@ frame_needed = 1, uses_anonymous_args = 0
  46 0000 80B5     		push	{r7, lr}
  47              		.cfi_def_cfa_offset 8
  48              		.cfi_offset 7, -8
  49              		.cfi_offset 14, -4
  50 0002 86B0     		sub	sp, sp, #24
  51              		.cfi_def_cfa_offset 32
  52 0004 00AF     		add	r7, sp, #0
  53              		.cfi_def_cfa_register 7
  70:build/OpenMote-CC2538_armgcc/bsp/boards/OpenMote-CC2538/max44009/max44009.c ****     uint8_t max44009_address[5] = {MAX44009_INT_ENABLE_ADDR, MAX44009_CONFIG_ADDR, \
  54              		.loc 1 70 0
  55 0006 174A     		ldr	r2, .L4
  56 0008 07F11003 		add	r3, r7, #16
  57 000c 1068     		ldr	r0, [r2]	@ unaligned
  58 000e 1860     		str	r0, [r3]	@ unaligned
  59 0010 1279     		ldrb	r2, [r2, #4]
  60 0012 1A71     		strb	r2, [r3, #4]
  71:build/OpenMote-CC2538_armgcc/bsp/boards/OpenMote-CC2538/max44009/max44009.c ****                                    MAX44009_THR_HIGH_ADDR, MAX44009_THR_LOW_ADDR, \
  72:build/OpenMote-CC2538_armgcc/bsp/boards/OpenMote-CC2538/max44009/max44009.c ****                                    MAX44009_THR_TIMER_ADDR};
  73:build/OpenMote-CC2538_armgcc/bsp/boards/OpenMote-CC2538/max44009/max44009.c ****     uint8_t max44009_value[5]   = {MAX44009_INT_DISABLED, MAX44009_USER_CONFIGURATION, \
  61              		.loc 1 73 0
  62 0014 144A     		ldr	r2, .L4+4
  63 0016 07F10803 		add	r3, r7, #8
  64 001a 1068     		ldr	r0, [r2]	@ unaligned
  65 001c 1860     		str	r0, [r3]	@ unaligned
  66 001e 1279     		ldrb	r2, [r2, #4]
  67 0020 1A71     		strb	r2, [r3, #4]
  74:build/OpenMote-CC2538_armgcc/bsp/boards/OpenMote-CC2538/max44009/max44009.c ****                                    0xFF, 0x00, 0xFF};
  75:build/OpenMote-CC2538_armgcc/bsp/boards/OpenMote-CC2538/max44009/max44009.c ****     uint8_t max44009_data[2];
  76:build/OpenMote-CC2538_armgcc/bsp/boards/OpenMote-CC2538/max44009/max44009.c ****     uint8_t i;
  77:build/OpenMote-CC2538_armgcc/bsp/boards/OpenMote-CC2538/max44009/max44009.c **** 
  78:build/OpenMote-CC2538_armgcc/bsp/boards/OpenMote-CC2538/max44009/max44009.c ****     for (i = 0; i < sizeof(max44009_address); i++) {
  68              		.loc 1 78 0
  69 0022 0023     		movs	r3, #0
  70 0024 FB75     		strb	r3, [r7, #23]
  71 0026 16E0     		b	.L2
  72              	.L3:
  79:build/OpenMote-CC2538_armgcc/bsp/boards/OpenMote-CC2538/max44009/max44009.c ****         max44009_data[0] = max44009_address[i];
  73              		.loc 1 79 0 discriminator 3
  74 0028 FB7D     		ldrb	r3, [r7, #23]	@ zero_extendqisi2
  75 002a 07F11802 		add	r2, r7, #24
  76 002e 1344     		add	r3, r3, r2
  77 0030 13F8083C 		ldrb	r3, [r3, #-8]	@ zero_extendqisi2
  78 0034 3B71     		strb	r3, [r7, #4]
  80:build/OpenMote-CC2538_armgcc/bsp/boards/OpenMote-CC2538/max44009/max44009.c ****         max44009_data[1] = max44009_value[i];
  79              		.loc 1 80 0 discriminator 3
  80 0036 FB7D     		ldrb	r3, [r7, #23]	@ zero_extendqisi2
  81 0038 07F11802 		add	r2, r7, #24
  82 003c 1344     		add	r3, r3, r2
  83 003e 13F8103C 		ldrb	r3, [r3, #-16]	@ zero_extendqisi2
  84 0042 7B71     		strb	r3, [r7, #5]
  81:build/OpenMote-CC2538_armgcc/bsp/boards/OpenMote-CC2538/max44009/max44009.c ****         i2c_write_bytes(MAX44009_ADDRESS, max44009_data, sizeof(max44009_data));
  85              		.loc 1 81 0 discriminator 3
  86 0044 3B1D     		adds	r3, r7, #4
  87 0046 4A20     		movs	r0, #74
  88 0048 1946     		mov	r1, r3
  89 004a 0222     		movs	r2, #2
  90 004c FFF7FEFF 		bl	i2c_write_bytes
  78:build/OpenMote-CC2538_armgcc/bsp/boards/OpenMote-CC2538/max44009/max44009.c ****         max44009_data[0] = max44009_address[i];
  91              		.loc 1 78 0 discriminator 3
  92 0050 FB7D     		ldrb	r3, [r7, #23]	@ zero_extendqisi2
  93 0052 0133     		adds	r3, r3, #1
  94 0054 FB75     		strb	r3, [r7, #23]
  95              	.L2:
  78:build/OpenMote-CC2538_armgcc/bsp/boards/OpenMote-CC2538/max44009/max44009.c ****         max44009_data[0] = max44009_address[i];
  96              		.loc 1 78 0 is_stmt 0 discriminator 1
  97 0056 FB7D     		ldrb	r3, [r7, #23]	@ zero_extendqisi2
  98 0058 042B     		cmp	r3, #4
  99 005a E5D9     		bls	.L3
  82:build/OpenMote-CC2538_armgcc/bsp/boards/OpenMote-CC2538/max44009/max44009.c ****     }
  83:build/OpenMote-CC2538_armgcc/bsp/boards/OpenMote-CC2538/max44009/max44009.c **** }
 100              		.loc 1 83 0 is_stmt 1
 101 005c 1837     		adds	r7, r7, #24
 102              		.cfi_def_cfa_offset 8
 103 005e BD46     		mov	sp, r7
 104              		.cfi_def_cfa_register 13
 105              		@ sp needed
 106 0060 80BD     		pop	{r7, pc}
 107              	.L5:
 108 0062 00BF     		.align	2
 109              	.L4:
 110 0064 00000000 		.word	.LC0
 111 0068 08000000 		.word	.LC1
 112              		.cfi_endproc
 113              	.LFE0:
 115              		.section	.rodata
 116 000d 000000   		.align	2
 117              	.LC2:
 118 0010 00       		.byte	0
 119 0011 03       		.byte	3
 120 0012 FF       		.byte	-1
 121 0013 00       		.byte	0
 122 0014 FF       		.byte	-1
 123              		.text
 124              		.align	2
 125              		.global	max44009_reset
 126              		.thumb
 127              		.thumb_func
 129              	max44009_reset:
 130              	.LFB1:
  84:build/OpenMote-CC2538_armgcc/bsp/boards/OpenMote-CC2538/max44009/max44009.c **** 
  85:build/OpenMote-CC2538_armgcc/bsp/boards/OpenMote-CC2538/max44009/max44009.c **** void max44009_reset(void) {
 131              		.loc 1 85 0
 132              		.cfi_startproc
 133              		@ args = 0, pretend = 0, frame = 24
 134              		@ frame_needed = 1, uses_anonymous_args = 0
 135 006c 80B5     		push	{r7, lr}
 136              		.cfi_def_cfa_offset 8
 137              		.cfi_offset 7, -8
 138              		.cfi_offset 14, -4
 139 006e 86B0     		sub	sp, sp, #24
 140              		.cfi_def_cfa_offset 32
 141 0070 00AF     		add	r7, sp, #0
 142              		.cfi_def_cfa_register 7
  86:build/OpenMote-CC2538_armgcc/bsp/boards/OpenMote-CC2538/max44009/max44009.c ****     uint8_t max44009_address[5] = {MAX44009_INT_ENABLE_ADDR, MAX44009_CONFIG_ADDR, \
 143              		.loc 1 86 0
 144 0072 174A     		ldr	r2, .L9
 145 0074 07F11003 		add	r3, r7, #16
 146 0078 1068     		ldr	r0, [r2]	@ unaligned
 147 007a 1860     		str	r0, [r3]	@ unaligned
 148 007c 1279     		ldrb	r2, [r2, #4]
 149 007e 1A71     		strb	r2, [r3, #4]
  87:build/OpenMote-CC2538_armgcc/bsp/boards/OpenMote-CC2538/max44009/max44009.c ****                                    MAX44009_THR_HIGH_ADDR, MAX44009_THR_LOW_ADDR, \
  88:build/OpenMote-CC2538_armgcc/bsp/boards/OpenMote-CC2538/max44009/max44009.c ****                                    MAX44009_THR_TIMER_ADDR};
  89:build/OpenMote-CC2538_armgcc/bsp/boards/OpenMote-CC2538/max44009/max44009.c ****     uint8_t max44009_value[5]   = {MAX44009_INT_DISABLED, MAX44009_DEFAULT_CONFIGURATION, \
 150              		.loc 1 89 0
 151 0080 144A     		ldr	r2, .L9+4
 152 0082 07F10803 		add	r3, r7, #8
 153 0086 1068     		ldr	r0, [r2]	@ unaligned
 154 0088 1860     		str	r0, [r3]	@ unaligned
 155 008a 1279     		ldrb	r2, [r2, #4]
 156 008c 1A71     		strb	r2, [r3, #4]
  90:build/OpenMote-CC2538_armgcc/bsp/boards/OpenMote-CC2538/max44009/max44009.c ****                                    0xFF, 0x00, 0xFF};
  91:build/OpenMote-CC2538_armgcc/bsp/boards/OpenMote-CC2538/max44009/max44009.c ****     uint8_t max44009_data[2];
  92:build/OpenMote-CC2538_armgcc/bsp/boards/OpenMote-CC2538/max44009/max44009.c ****     uint8_t i;
  93:build/OpenMote-CC2538_armgcc/bsp/boards/OpenMote-CC2538/max44009/max44009.c ****     
  94:build/OpenMote-CC2538_armgcc/bsp/boards/OpenMote-CC2538/max44009/max44009.c ****     for (i = 0; i < sizeof(max44009_address); i++) {
 157              		.loc 1 94 0
 158 008e 0023     		movs	r3, #0
 159 0090 FB75     		strb	r3, [r7, #23]
 160 0092 16E0     		b	.L7
 161              	.L8:
  95:build/OpenMote-CC2538_armgcc/bsp/boards/OpenMote-CC2538/max44009/max44009.c ****         max44009_data[0] = max44009_address[i];
 162              		.loc 1 95 0 discriminator 3
 163 0094 FB7D     		ldrb	r3, [r7, #23]	@ zero_extendqisi2
 164 0096 07F11802 		add	r2, r7, #24
 165 009a 1344     		add	r3, r3, r2
 166 009c 13F8083C 		ldrb	r3, [r3, #-8]	@ zero_extendqisi2
 167 00a0 3B71     		strb	r3, [r7, #4]
  96:build/OpenMote-CC2538_armgcc/bsp/boards/OpenMote-CC2538/max44009/max44009.c ****         max44009_data[1] = max44009_value[i];
 168              		.loc 1 96 0 discriminator 3
 169 00a2 FB7D     		ldrb	r3, [r7, #23]	@ zero_extendqisi2
 170 00a4 07F11802 		add	r2, r7, #24
 171 00a8 1344     		add	r3, r3, r2
 172 00aa 13F8103C 		ldrb	r3, [r3, #-16]	@ zero_extendqisi2
 173 00ae 7B71     		strb	r3, [r7, #5]
  97:build/OpenMote-CC2538_armgcc/bsp/boards/OpenMote-CC2538/max44009/max44009.c ****         i2c_write_bytes(MAX44009_ADDRESS, max44009_data, sizeof(max44009_data));
 174              		.loc 1 97 0 discriminator 3
 175 00b0 3B1D     		adds	r3, r7, #4
 176 00b2 4A20     		movs	r0, #74
 177 00b4 1946     		mov	r1, r3
 178 00b6 0222     		movs	r2, #2
 179 00b8 FFF7FEFF 		bl	i2c_write_bytes
  94:build/OpenMote-CC2538_armgcc/bsp/boards/OpenMote-CC2538/max44009/max44009.c ****         max44009_data[0] = max44009_address[i];
 180              		.loc 1 94 0 discriminator 3
 181 00bc FB7D     		ldrb	r3, [r7, #23]	@ zero_extendqisi2
 182 00be 0133     		adds	r3, r3, #1
 183 00c0 FB75     		strb	r3, [r7, #23]
 184              	.L7:
  94:build/OpenMote-CC2538_armgcc/bsp/boards/OpenMote-CC2538/max44009/max44009.c ****         max44009_data[0] = max44009_address[i];
 185              		.loc 1 94 0 is_stmt 0 discriminator 1
 186 00c2 FB7D     		ldrb	r3, [r7, #23]	@ zero_extendqisi2
 187 00c4 042B     		cmp	r3, #4
 188 00c6 E5D9     		bls	.L8
  98:build/OpenMote-CC2538_armgcc/bsp/boards/OpenMote-CC2538/max44009/max44009.c ****     }
  99:build/OpenMote-CC2538_armgcc/bsp/boards/OpenMote-CC2538/max44009/max44009.c **** }
 189              		.loc 1 99 0 is_stmt 1
 190 00c8 1837     		adds	r7, r7, #24
 191              		.cfi_def_cfa_offset 8
 192 00ca BD46     		mov	sp, r7
 193              		.cfi_def_cfa_register 13
 194              		@ sp needed
 195 00cc 80BD     		pop	{r7, pc}
 196              	.L10:
 197 00ce 00BF     		.align	2
 198              	.L9:
 199 00d0 00000000 		.word	.LC0
 200 00d4 10000000 		.word	.LC2
 201              		.cfi_endproc
 202              	.LFE1:
 204              		.align	2
 205              		.global	max44009_is_present
 206              		.thumb
 207              		.thumb_func
 209              	max44009_is_present:
 210              	.LFB2:
 100:build/OpenMote-CC2538_armgcc/bsp/boards/OpenMote-CC2538/max44009/max44009.c **** 
 101:build/OpenMote-CC2538_armgcc/bsp/boards/OpenMote-CC2538/max44009/max44009.c **** uint8_t max44009_is_present(void) {
 211              		.loc 1 101 0
 212              		.cfi_startproc
 213              		@ args = 0, pretend = 0, frame = 8
 214              		@ frame_needed = 1, uses_anonymous_args = 0
 215 00d8 80B5     		push	{r7, lr}
 216              		.cfi_def_cfa_offset 8
 217              		.cfi_offset 7, -8
 218              		.cfi_offset 14, -4
 219 00da 82B0     		sub	sp, sp, #8
 220              		.cfi_def_cfa_offset 16
 221 00dc 00AF     		add	r7, sp, #0
 222              		.cfi_def_cfa_register 7
 102:build/OpenMote-CC2538_armgcc/bsp/boards/OpenMote-CC2538/max44009/max44009.c ****     uint8_t is_present;
 103:build/OpenMote-CC2538_armgcc/bsp/boards/OpenMote-CC2538/max44009/max44009.c **** 
 104:build/OpenMote-CC2538_armgcc/bsp/boards/OpenMote-CC2538/max44009/max44009.c ****     i2c_write_byte(MAX44009_ADDRESS, MAX44009_CONFIG_ADDR);
 223              		.loc 1 104 0
 224 00de 4A20     		movs	r0, #74
 225 00e0 0221     		movs	r1, #2
 226 00e2 FFF7FEFF 		bl	i2c_write_byte
 105:build/OpenMote-CC2538_armgcc/bsp/boards/OpenMote-CC2538/max44009/max44009.c ****     i2c_read_byte(MAX44009_ADDRESS, &is_present);
 227              		.loc 1 105 0
 228 00e6 FB1D     		adds	r3, r7, #7
 229 00e8 4A20     		movs	r0, #74
 230 00ea 1946     		mov	r1, r3
 231 00ec FFF7FEFF 		bl	i2c_read_byte
 106:build/OpenMote-CC2538_armgcc/bsp/boards/OpenMote-CC2538/max44009/max44009.c **** 
 107:build/OpenMote-CC2538_armgcc/bsp/boards/OpenMote-CC2538/max44009/max44009.c ****     return (is_present == MAX44009_DEFAULT_CONFIGURATION ||
 232              		.loc 1 107 0
 233 00f0 FB79     		ldrb	r3, [r7, #7]	@ zero_extendqisi2
 234 00f2 032B     		cmp	r3, #3
 235 00f4 02D0     		beq	.L12
 108:build/OpenMote-CC2538_armgcc/bsp/boards/OpenMote-CC2538/max44009/max44009.c ****             is_present == MAX44009_USER_CONFIGURATION);
 236              		.loc 1 108 0 discriminator 2
 237 00f6 FB79     		ldrb	r3, [r7, #7]	@ zero_extendqisi2
 107:build/OpenMote-CC2538_armgcc/bsp/boards/OpenMote-CC2538/max44009/max44009.c ****             is_present == MAX44009_USER_CONFIGURATION);
 238              		.loc 1 107 0 discriminator 2
 239 00f8 432B     		cmp	r3, #67
 240 00fa 01D1     		bne	.L13
 241              	.L12:
 107:build/OpenMote-CC2538_armgcc/bsp/boards/OpenMote-CC2538/max44009/max44009.c ****             is_present == MAX44009_USER_CONFIGURATION);
 242              		.loc 1 107 0 is_stmt 0 discriminator 3
 243 00fc 0123     		movs	r3, #1
 244 00fe 00E0     		b	.L14
 245              	.L13:
 107:build/OpenMote-CC2538_armgcc/bsp/boards/OpenMote-CC2538/max44009/max44009.c ****             is_present == MAX44009_USER_CONFIGURATION);
 246              		.loc 1 107 0 discriminator 4
 247 0100 0023     		movs	r3, #0
 248              	.L14:
 107:build/OpenMote-CC2538_armgcc/bsp/boards/OpenMote-CC2538/max44009/max44009.c ****             is_present == MAX44009_USER_CONFIGURATION);
 249              		.loc 1 107 0 discriminator 6
 250 0102 DBB2     		uxtb	r3, r3
 109:build/OpenMote-CC2538_armgcc/bsp/boards/OpenMote-CC2538/max44009/max44009.c **** }
 251              		.loc 1 109 0 is_stmt 1 discriminator 6
 252 0104 1846     		mov	r0, r3
 253 0106 0837     		adds	r7, r7, #8
 254              		.cfi_def_cfa_offset 8
 255 0108 BD46     		mov	sp, r7
 256              		.cfi_def_cfa_register 13
 257              		@ sp needed
 258 010a 80BD     		pop	{r7, pc}
 259              		.cfi_endproc
 260              	.LFE2:
 262              		.align	2
 263              		.global	max44009_read_light
 264              		.thumb
 265              		.thumb_func
 267              	max44009_read_light:
 268              	.LFB3:
 110:build/OpenMote-CC2538_armgcc/bsp/boards/OpenMote-CC2538/max44009/max44009.c **** 
 111:build/OpenMote-CC2538_armgcc/bsp/boards/OpenMote-CC2538/max44009/max44009.c **** uint16_t max44009_read_light(void) {
 269              		.loc 1 111 0
 270              		.cfi_startproc
 271              		@ args = 0, pretend = 0, frame = 8
 272              		@ frame_needed = 1, uses_anonymous_args = 0
 273 010c 80B5     		push	{r7, lr}
 274              		.cfi_def_cfa_offset 8
 275              		.cfi_offset 7, -8
 276              		.cfi_offset 14, -4
 277 010e 82B0     		sub	sp, sp, #8
 278              		.cfi_def_cfa_offset 16
 279 0110 00AF     		add	r7, sp, #0
 280              		.cfi_def_cfa_register 7
 112:build/OpenMote-CC2538_armgcc/bsp/boards/OpenMote-CC2538/max44009/max44009.c ****     uint8_t exponent, mantissa;
 113:build/OpenMote-CC2538_armgcc/bsp/boards/OpenMote-CC2538/max44009/max44009.c ****     uint8_t max44009_data[2];
 114:build/OpenMote-CC2538_armgcc/bsp/boards/OpenMote-CC2538/max44009/max44009.c ****     uint16_t result;
 115:build/OpenMote-CC2538_armgcc/bsp/boards/OpenMote-CC2538/max44009/max44009.c **** 
 116:build/OpenMote-CC2538_armgcc/bsp/boards/OpenMote-CC2538/max44009/max44009.c ****     i2c_write_byte(MAX44009_ADDRESS, MAX44009_LUX_HIGH_ADDR);
 281              		.loc 1 116 0
 282 0112 4A20     		movs	r0, #74
 283 0114 0321     		movs	r1, #3
 284 0116 FFF7FEFF 		bl	i2c_write_byte
 117:build/OpenMote-CC2538_armgcc/bsp/boards/OpenMote-CC2538/max44009/max44009.c ****     i2c_read_byte(MAX44009_ADDRESS, &max44009_data[0]);
 285              		.loc 1 117 0
 286 011a 3B46     		mov	r3, r7
 287 011c 4A20     		movs	r0, #74
 288 011e 1946     		mov	r1, r3
 289 0120 FFF7FEFF 		bl	i2c_read_byte
 118:build/OpenMote-CC2538_armgcc/bsp/boards/OpenMote-CC2538/max44009/max44009.c ****     i2c_write_byte(MAX44009_ADDRESS, MAX44009_LUX_LOW_ADDR);
 290              		.loc 1 118 0
 291 0124 4A20     		movs	r0, #74
 292 0126 0421     		movs	r1, #4
 293 0128 FFF7FEFF 		bl	i2c_write_byte
 119:build/OpenMote-CC2538_armgcc/bsp/boards/OpenMote-CC2538/max44009/max44009.c ****     i2c_read_byte(MAX44009_ADDRESS, &max44009_data[1]);
 294              		.loc 1 119 0
 295 012c 3B46     		mov	r3, r7
 296 012e 0133     		adds	r3, r3, #1
 297 0130 4A20     		movs	r0, #74
 298 0132 1946     		mov	r1, r3
 299 0134 FFF7FEFF 		bl	i2c_read_byte
 120:build/OpenMote-CC2538_armgcc/bsp/boards/OpenMote-CC2538/max44009/max44009.c **** 
 121:build/OpenMote-CC2538_armgcc/bsp/boards/OpenMote-CC2538/max44009/max44009.c ****     exponent = (( max44009_data[0] >> 4 )  & 0x0F);
 300              		.loc 1 121 0
 301 0138 3B78     		ldrb	r3, [r7]	@ zero_extendqisi2
 302 013a 1B09     		lsrs	r3, r3, #4
 303 013c FB71     		strb	r3, [r7, #7]
 122:build/OpenMote-CC2538_armgcc/bsp/boards/OpenMote-CC2538/max44009/max44009.c ****     mantissa = (( max44009_data[0] & 0x0F ) << 4) | ((max44009_data[1] & 0x0F));
 304              		.loc 1 122 0
 305 013e 3B78     		ldrb	r3, [r7]	@ zero_extendqisi2
 306 0140 1B01     		lsls	r3, r3, #4
 307 0142 DAB2     		uxtb	r2, r3
 308 0144 7B78     		ldrb	r3, [r7, #1]	@ zero_extendqisi2
 309 0146 DBB2     		uxtb	r3, r3
 310 0148 03F00F03 		and	r3, r3, #15
 311 014c DBB2     		uxtb	r3, r3
 312 014e 1343     		orrs	r3, r3, r2
 313 0150 DBB2     		uxtb	r3, r3
 314 0152 BB71     		strb	r3, [r7, #6]
 123:build/OpenMote-CC2538_armgcc/bsp/boards/OpenMote-CC2538/max44009/max44009.c **** 
 124:build/OpenMote-CC2538_armgcc/bsp/boards/OpenMote-CC2538/max44009/max44009.c ****     result = ( (uint16_t) exponent << 8 ) | ( (uint16_t) mantissa << 0);
 315              		.loc 1 124 0
 316 0154 FB79     		ldrb	r3, [r7, #7]	@ zero_extendqisi2
 317 0156 1B02     		lsls	r3, r3, #8
 318 0158 9AB2     		uxth	r2, r3
 319 015a BB79     		ldrb	r3, [r7, #6]	@ zero_extendqisi2
 320 015c 9BB2     		uxth	r3, r3
 321 015e 1343     		orrs	r3, r3, r2
 322 0160 9BB2     		uxth	r3, r3
 323 0162 BB80     		strh	r3, [r7, #4]	@ movhi
 125:build/OpenMote-CC2538_armgcc/bsp/boards/OpenMote-CC2538/max44009/max44009.c ****     
 126:build/OpenMote-CC2538_armgcc/bsp/boards/OpenMote-CC2538/max44009/max44009.c ****     return result;
 324              		.loc 1 126 0
 325 0164 BB88     		ldrh	r3, [r7, #4]
 127:build/OpenMote-CC2538_armgcc/bsp/boards/OpenMote-CC2538/max44009/max44009.c **** }
 326              		.loc 1 127 0
 327 0166 1846     		mov	r0, r3
 328 0168 0837     		adds	r7, r7, #8
 329              		.cfi_def_cfa_offset 8
 330 016a BD46     		mov	sp, r7
 331              		.cfi_def_cfa_register 13
 332              		@ sp needed
 333 016c 80BD     		pop	{r7, pc}
 334              		.cfi_endproc
 335              	.LFE3:
 337              		.global	__aeabi_i2f
 338              		.global	__aeabi_fmul
 339 016e 00BF     		.align	2
 340              		.global	max44009_convert_light
 341              		.thumb
 342              		.thumb_func
 344              	max44009_convert_light:
 345              	.LFB4:
 128:build/OpenMote-CC2538_armgcc/bsp/boards/OpenMote-CC2538/max44009/max44009.c **** 
 129:build/OpenMote-CC2538_armgcc/bsp/boards/OpenMote-CC2538/max44009/max44009.c **** float max44009_convert_light(uint16_t lux) {
 346              		.loc 1 129 0
 347              		.cfi_startproc
 348              		@ args = 0, pretend = 0, frame = 16
 349              		@ frame_needed = 1, uses_anonymous_args = 0
 350 0170 80B5     		push	{r7, lr}
 351              		.cfi_def_cfa_offset 8
 352              		.cfi_offset 7, -8
 353              		.cfi_offset 14, -4
 354 0172 84B0     		sub	sp, sp, #16
 355              		.cfi_def_cfa_offset 24
 356 0174 00AF     		add	r7, sp, #0
 357              		.cfi_def_cfa_register 7
 358 0176 0346     		mov	r3, r0
 359 0178 FB80     		strh	r3, [r7, #6]	@ movhi
 130:build/OpenMote-CC2538_armgcc/bsp/boards/OpenMote-CC2538/max44009/max44009.c ****     uint8_t exponent, mantissa;
 131:build/OpenMote-CC2538_armgcc/bsp/boards/OpenMote-CC2538/max44009/max44009.c ****     float result = 0.045;
 360              		.loc 1 131 0
 361 017a 134B     		ldr	r3, .L22
 362 017c FB60     		str	r3, [r7, #12]	@ float
 132:build/OpenMote-CC2538_armgcc/bsp/boards/OpenMote-CC2538/max44009/max44009.c **** 
 133:build/OpenMote-CC2538_armgcc/bsp/boards/OpenMote-CC2538/max44009/max44009.c ****     exponent = (lux >> 8) & 0xFF;    
 363              		.loc 1 133 0
 364 017e FB88     		ldrh	r3, [r7, #6]
 365 0180 1B0A     		lsrs	r3, r3, #8
 366 0182 9BB2     		uxth	r3, r3
 367 0184 FB72     		strb	r3, [r7, #11]
 134:build/OpenMote-CC2538_armgcc/bsp/boards/OpenMote-CC2538/max44009/max44009.c ****     exponent = (exponent == 0x0F ? exponent & 0x0E : exponent);
 368              		.loc 1 134 0
 369 0186 FB7A     		ldrb	r3, [r7, #11]	@ zero_extendqisi2
 370 0188 0F2B     		cmp	r3, #15
 371 018a 04D1     		bne	.L19
 372              		.loc 1 134 0 is_stmt 0 discriminator 1
 373 018c FB7A     		ldrb	r3, [r7, #11]
 374 018e 03F00E03 		and	r3, r3, #14
 375 0192 DBB2     		uxtb	r3, r3
 376 0194 00E0     		b	.L20
 377              	.L19:
 378              		.loc 1 134 0 discriminator 2
 379 0196 FB7A     		ldrb	r3, [r7, #11]	@ zero_extendqisi2
 380              	.L20:
 381              		.loc 1 134 0 discriminator 4
 382 0198 FB72     		strb	r3, [r7, #11]
 135:build/OpenMote-CC2538_armgcc/bsp/boards/OpenMote-CC2538/max44009/max44009.c **** 
 136:build/OpenMote-CC2538_armgcc/bsp/boards/OpenMote-CC2538/max44009/max44009.c ****     mantissa = (lux >> 0) & 0xFF;
 383              		.loc 1 136 0 is_stmt 1 discriminator 4
 384 019a FB88     		ldrh	r3, [r7, #6]	@ movhi
 385 019c BB72     		strb	r3, [r7, #10]
 137:build/OpenMote-CC2538_armgcc/bsp/boards/OpenMote-CC2538/max44009/max44009.c ****     
 138:build/OpenMote-CC2538_armgcc/bsp/boards/OpenMote-CC2538/max44009/max44009.c ****     result *= 2^exponent * mantissa;
 386              		.loc 1 138 0 discriminator 4
 387 019e FB7A     		ldrb	r3, [r7, #11]	@ zero_extendqisi2
 388 01a0 BA7A     		ldrb	r2, [r7, #10]	@ zero_extendqisi2
 389 01a2 02FB03F3 		mul	r3, r2, r3
 390 01a6 83F00203 		eor	r3, r3, #2
 391 01aa 1846     		mov	r0, r3
 392 01ac FFF7FEFF 		bl	__aeabi_i2f
 393 01b0 0346     		mov	r3, r0
 394 01b2 F868     		ldr	r0, [r7, #12]	@ float
 395 01b4 1946     		mov	r1, r3
 396 01b6 FFF7FEFF 		bl	__aeabi_fmul
 397 01ba 0346     		mov	r3, r0
 398 01bc FB60     		str	r3, [r7, #12]	@ float
 139:build/OpenMote-CC2538_armgcc/bsp/boards/OpenMote-CC2538/max44009/max44009.c ****     
 140:build/OpenMote-CC2538_armgcc/bsp/boards/OpenMote-CC2538/max44009/max44009.c ****     return result;
 399              		.loc 1 140 0 discriminator 4
 400 01be FB68     		ldr	r3, [r7, #12]	@ float
 141:build/OpenMote-CC2538_armgcc/bsp/boards/OpenMote-CC2538/max44009/max44009.c **** }
 401              		.loc 1 141 0 discriminator 4
 402 01c0 1846     		mov	r0, r3
 403 01c2 1037     		adds	r7, r7, #16
 404              		.cfi_def_cfa_offset 8
 405 01c4 BD46     		mov	sp, r7
 406              		.cfi_def_cfa_register 13
 407              		@ sp needed
 408 01c6 80BD     		pop	{r7, pc}
 409              	.L23:
 410              		.align	2
 411              	.L22:
 412 01c8 EC51383D 		.word	1027101164
 413              		.cfi_endproc
 414              	.LFE4:
 416              	.Letext0:
 417              		.file 2 "/usr/arm-none-eabi/include/machine/_default_types.h"
 418              		.file 3 "/usr/arm-none-eabi/include/sys/_stdint.h"
DEFINED SYMBOLS
                            *ABS*:0000000000000000 max44009.c
     /tmp/ccAsjWVb.s:19     .rodata:0000000000000000 $d
     /tmp/ccAsjWVb.s:34     .text:0000000000000000 $t
     /tmp/ccAsjWVb.s:39     .text:0000000000000000 max44009_init
     /tmp/ccAsjWVb.s:110    .text:0000000000000064 $d
     /tmp/ccAsjWVb.s:124    .text:000000000000006c $t
     /tmp/ccAsjWVb.s:129    .text:000000000000006c max44009_reset
     /tmp/ccAsjWVb.s:199    .text:00000000000000d0 $d
     /tmp/ccAsjWVb.s:204    .text:00000000000000d8 $t
     /tmp/ccAsjWVb.s:209    .text:00000000000000d8 max44009_is_present
     /tmp/ccAsjWVb.s:267    .text:000000000000010c max44009_read_light
     /tmp/ccAsjWVb.s:344    .text:0000000000000170 max44009_convert_light
     /tmp/ccAsjWVb.s:412    .text:00000000000001c8 $d
                     .debug_frame:0000000000000010 $d
                           .group:0000000000000000 wm4.0.59116071098782a37a9183a8102fe91b
                           .group:0000000000000000 wm4.features.h.22.2e382148a0560adabf236cddd4e880f4
                           .group:0000000000000000 wm4._default_types.h.15.933e8edd27a65e0b69af4a865eb623d2
                           .group:0000000000000000 wm4._intsup.h.10.35a45952db64d30146faa63a55c20c1c
                           .group:0000000000000000 wm4._stdint.h.10.f76354baea1c7088202064e6f3d4f5e3
                           .group:0000000000000000 wm4.stdint.h.23.373a9d32a9e4c2e88fd347156532d281
                           .group:0000000000000000 wm4.i2c.h.15.8e849f5fcf39557ec3e120a857902900

UNDEFINED SYMBOLS
i2c_write_bytes
i2c_write_byte
i2c_read_byte
__aeabi_i2f
__aeabi_fmul
